<?xml version="1.0" encoding="UTF-8"?>
<!-- Generated by org.testng.reporters.JUnitReportReporter -->
<testsuite hostname="DESKTOP-U16DT5O" failures="0" tests="1" name="TestCases.SPMD_TC_1" time="8.211" errors="0" timestamp="2022-09-21T17:40:18 IST" skipped="0">
  <testcase classname="TestCases.SPMD_TC_1" name="runLogin" time="8.211"/>
  <system-out/>
</testsuite> <!-- TestCases.SPMD_TC_1 -->
